0 info it worked if it ends with ok
1 verbose cli [ '/usr/local/bin/node', '/usr/local/bin/npm', 'run', 'data' ]
2 info using npm@4.0.5
3 info using node@v7.4.0
4 verbose run-script [ 'predata', 'data', 'postdata' ]
5 info lifecycle albertbackend@1.0.0~predata: albertbackend@1.0.0
6 silly lifecycle albertbackend@1.0.0~predata: no script for predata, continuing
7 info lifecycle albertbackend@1.0.0~data: albertbackend@1.0.0
8 verbose lifecycle albertbackend@1.0.0~data: unsafe-perm in lifecycle true
9 verbose lifecycle albertbackend@1.0.0~data: PATH: /usr/local/lib/node_modules/npm/bin/node-gyp-bin:/Users/simongodefroid/Documents/Coding/03 Le Réacteur/06-Project/albert/albertBackend/node_modules/.bin:/Users/simongodefroid/Library/Android/sdk/tools:/Users/simongodefroid/Library/Android/sdk/platform-tools:/Users/simongodefroid/.rvm/gems/ruby-2.2.1/bin:/Users/simongodefroid/.rvm/gems/ruby-2.2.1@global/bin:/Users/simongodefroid/.rvm/rubies/ruby-2.2.1/bin:/Users/simongodefroid/.rbenv/shims:/Users/simongodefroid/Library/Android/sdk/tools:/Users/simongodefroid/Library/Android/sdk/platform-tools:/Users/simongodefroid/.rvm/gems/ruby-2.2.1/bin:/Users/simongodefroid/.rvm/gems/ruby-2.2.1@global/bin:/Users/simongodefroid/.rvm/rubies/ruby-2.2.1/bin:/Users/simongodefroid/.rbenv/shims:/usr/local/bin:/usr/bin:/bin:/usr/sbin:/sbin:/opt/X11/bin:/Users/simongodefroid/.rvm/gems/ruby-2.3.0@myapp/bin:/Users/simongodefroid/.rvm/gems/ruby-2.3.0@global/bin:/Users/simongodefroid/.rvm/rubies/ruby-2.3.0/bin:/Users/simongodefroid/.rvm/bin:/Users/simongodefroid/.rbenv/shims:/usr/local/bin:/usr/bin:/bin:/usr/sbin:/sbin:/opt/X11/bin:/usr/local/mysql/bin:/usr/local/mysql/bin:/Users/simongodefroid/.rvm/gems/ruby-2.3.0@myapp/bin:/Users/simongodefroid/.rvm/gems/ruby-2.3.0@global/bin:/Users/simongodefroid/.rvm/rubies/ruby-2.3.0/bin:/Users/simongodefroid/.rvm/bin:/Users/simongodefroid/.rbenv/shims:/usr/local/bin:/usr/bin:/bin:/usr/sbin:/sbin:/opt/X11/bin:/usr/local/mysql/bin:/usr/local/mysql/bin
10 verbose lifecycle albertbackend@1.0.0~data: CWD: /Users/simongodefroid/Documents/Coding/03 Le Réacteur/06-Project/albert/albertBackend
11 silly lifecycle albertbackend@1.0.0~data: Args: [ '-c', 'node data/import-events.js' ]
12 silly lifecycle albertbackend@1.0.0~data: Returned: code: 1  signal: null
13 info lifecycle albertbackend@1.0.0~data: Failed to exec data script
14 verbose stack Error: albertbackend@1.0.0 data: `node data/import-events.js`
14 verbose stack Exit status 1
14 verbose stack     at EventEmitter.<anonymous> (/usr/local/lib/node_modules/npm/lib/utils/lifecycle.js:279:16)
14 verbose stack     at emitTwo (events.js:106:13)
14 verbose stack     at EventEmitter.emit (events.js:191:7)
14 verbose stack     at ChildProcess.<anonymous> (/usr/local/lib/node_modules/npm/lib/utils/spawn.js:40:14)
14 verbose stack     at emitTwo (events.js:106:13)
14 verbose stack     at ChildProcess.emit (events.js:191:7)
14 verbose stack     at maybeClose (internal/child_process.js:885:16)
14 verbose stack     at Process.ChildProcess._handle.onexit (internal/child_process.js:226:5)
15 verbose pkgid albertbackend@1.0.0
16 verbose cwd /Users/simongodefroid/Documents/Coding/03 Le Réacteur/06-Project/albert/albertBackend
17 error Darwin 16.4.0
18 error argv "/usr/local/bin/node" "/usr/local/bin/npm" "run" "data"
19 error node v7.4.0
20 error npm  v4.0.5
21 error code ELIFECYCLE
22 error albertbackend@1.0.0 data: `node data/import-events.js`
22 error Exit status 1
23 error Failed at the albertbackend@1.0.0 data script 'node data/import-events.js'.
23 error Make sure you have the latest version of node.js and npm installed.
23 error If you do, this is most likely a problem with the albertbackend package,
23 error not with npm itself.
23 error Tell the author that this fails on your system:
23 error     node data/import-events.js
23 error You can get information on how to open an issue for this project with:
23 error     npm bugs albertbackend
23 error Or if that isn't available, you can get their info via:
23 error     npm owner ls albertbackend
23 error There is likely additional logging output above.
24 verbose exit [ 1, true ]
